[debug] [2023-03-17T11:38:06.434Z] ----------------------------------------------------------------------
[debug] [2023-03-17T11:38:06.446Z] Command:       C:\Program Files\nodejs\node.exe C:\Users\vy\AppData\Roaming\npm\node_modules\firebase-tools\lib\bin\firebase.js serve
[debug] [2023-03-17T11:38:06.451Z] CLI Version:   11.24.1
[debug] [2023-03-17T11:38:06.452Z] Platform:      win32
[debug] [2023-03-17T11:38:06.452Z] Node Version:  v19.3.0
[debug] [2023-03-17T11:38:06.452Z] Time:          Fri Mar 17 2023 18:38:06 GMT+0700 (Indochina Time)
[debug] [2023-03-17T11:38:06.452Z] ----------------------------------------------------------------------
[debug] 
[debug] [2023-03-17T11:38:06.598Z] > command requires scopes: ["email","openid","https://www.googleapis.com/auth/cloudplatformprojects.readonly","https://www.googleapis.com/auth/firebase","https://www.googleapis.com/auth/cloud-platform"]
[debug] [2023-03-17T11:38:06.598Z] > authorizing via signed-in user (htrang402@gmail.com)
[debug] [2023-03-17T11:38:06.598Z] [iam] checking project food-e1904 for permissions ["firebase.projects.get"]
[debug] [2023-03-17T11:38:06.601Z] >>> [apiv2][query] POST https://cloudresourcemanager.googleapis.com/v1/projects/food-e1904:testIamPermissions [none]
[debug] [2023-03-17T11:38:06.601Z] >>> [apiv2][(partial)header] POST https://cloudresourcemanager.googleapis.com/v1/projects/food-e1904:testIamPermissions x-goog-quota-user=projects/food-e1904
[debug] [2023-03-17T11:38:06.601Z] >>> [apiv2][body] POST https://cloudresourcemanager.googleapis.com/v1/projects/food-e1904:testIamPermissions {"permissions":["firebase.projects.get"]}
[debug] [2023-03-17T11:38:08.139Z] <<< [apiv2][status] POST https://cloudresourcemanager.googleapis.com/v1/projects/food-e1904:testIamPermissions 200
[debug] [2023-03-17T11:38:08.140Z] <<< [apiv2][body] POST https://cloudresourcemanager.googleapis.com/v1/projects/food-e1904:testIamPermissions {"permissions":["firebase.projects.get"]}
[debug] [2023-03-17T11:38:08.142Z] >>> [apiv2][query] GET https://firebase.googleapis.com/v1beta1/projects/food-e1904 [none]
[debug] [2023-03-17T11:38:08.851Z] <<< [apiv2][status] GET https://firebase.googleapis.com/v1beta1/projects/food-e1904 200
[debug] [2023-03-17T11:38:08.852Z] <<< [apiv2][body] GET https://firebase.googleapis.com/v1beta1/projects/food-e1904 {"projectId":"food-e1904","projectNumber":"98966294824","displayName":"food","name":"projects/food-e1904","resources":{"hostingSite":"food-e1904","realtimeDatabaseInstance":"food-e1904-default-rtdb","storageBucket":"food-e1904.appspot.com","locationId":"us-central"},"state":"ACTIVE","etag":"1_c3202627-0f5e-445d-bde2-c79235b646bb"}
[info] 
[info] === Serving from 'D:\reactjs\lilies-food-place'...
[info] 
[debug] [2023-03-17T11:38:08.871Z] >>> [apiv2][query] GET https://firebasehosting.googleapis.com/v1beta1/projects/food-e1904/sites 
[debug] [2023-03-17T11:38:09.892Z] <<< [apiv2][status] GET https://firebasehosting.googleapis.com/v1beta1/projects/food-e1904/sites 200
[debug] [2023-03-17T11:38:09.892Z] <<< [apiv2][body] GET https://firebasehosting.googleapis.com/v1beta1/projects/food-e1904/sites {"sites":[{"name":"projects/food-e1904/sites/food-e1904","defaultUrl":"https://food-e1904.web.app","type":"DEFAULT_SITE"}]}
[debug] [2023-03-17T11:38:09.893Z] >>> [apiv2][query] GET https://firebase.googleapis.com/v1beta1/projects/food-e1904/webApps/-/config [none]
[debug] [2023-03-17T11:38:11.157Z] <<< [apiv2][status] GET https://firebase.googleapis.com/v1beta1/projects/food-e1904/webApps/-/config 200
[debug] [2023-03-17T11:38:11.158Z] <<< [apiv2][body] GET https://firebase.googleapis.com/v1beta1/projects/food-e1904/webApps/-/config {"projectId":"food-e1904","appId":"1:98966294824:web:3a20f28dcc7205b7ed801d","databaseURL":"https://food-e1904-default-rtdb.firebaseio.com","storageBucket":"food-e1904.appspot.com","locationId":"us-central","apiKey":"AIzaSyDbQ8FCw3s4ie78yXXnsvGRjhZjegUSnIc","authDomain":"food-e1904.firebaseapp.com","messagingSenderId":"98966294824"}
[debug] [2023-03-17T11:38:11.168Z] >>> [apiv2][query] GET https://firebase.googleapis.com/v1beta1/projects/food-e1904 [none]
[debug] [2023-03-17T11:38:11.600Z] <<< [apiv2][status] GET https://firebase.googleapis.com/v1beta1/projects/food-e1904 200
[debug] [2023-03-17T11:38:11.600Z] <<< [apiv2][body] GET https://firebase.googleapis.com/v1beta1/projects/food-e1904 {"projectId":"food-e1904","projectNumber":"98966294824","displayName":"food","name":"projects/food-e1904","resources":{"hostingSite":"food-e1904","realtimeDatabaseInstance":"food-e1904-default-rtdb","storageBucket":"food-e1904.appspot.com","locationId":"us-central"},"state":"ACTIVE","etag":"1_c3202627-0f5e-445d-bde2-c79235b646bb"}
[info] i  hosting[food-e1904]: Serving hosting files from: build {"metadata":{"emulator":{"name":"hosting"},"message":"Serving hosting files from: \u001b[1mbuild\u001b[22m"}}
[info] +  hosting[food-e1904]: Local server: http://localhost:5000 {"metadata":{"emulator":{"name":"hosting"},"message":"Local server: \u001b[4m\u001b[1mhttp://localhost:5000\u001b[22m\u001b[24m"}}
